# vsim -coverage -l apb_unaligned_chk.log -c test_bench -voptargs="+cover=bcesft" -assertdebug -do "coverage save -onexit apb_unaligned_chk.ucdb; log -r /*;run -all" 
# Start time: 22:30:05 on Jan 04,2025
# ** Note: (vsim-3813) Design is being optimized due to module recompilation...
# //  Questa Intel Starter FPGA Edition-64
# //  Version 2023.3 linux_x86_64 Jul 17 2023
# //
# //  Copyright 1991-2023 Mentor Graphics Corporation
# //  All Rights Reserved.
# //
# //  QuestaSim and its associated documentation contain trade
# //  secrets and commercial or financial information that are the property of
# //  Mentor Graphics Corporation and are privileged, confidential,
# //  and exempt from disclosure under the Freedom of Information Act,
# //  5 U.S.C. Section 552. Furthermore, this information
# //  is prohibited from disclosure under the Trade Secrets Act,
# //  18 U.S.C. Section 1905.
# //
# Loading work.test_bench(fast)
# coverage save -onexit apb_unaligned_chk.ucdb
#  log -r /*
# run -all
# =====================================
# === Test Case: APB Un-aligned Test===
# =====================================
# t=       100 [TB_WRITE]: addr=00000004 data=33333333
# t=       475 [TB_READ]: addr=00000004 rdata=33333333
# ------------------------------------------------
# t=       475 PASS: rdata = 33333333 at addr 00000004 is correct
# ------------------------------------------------
# un-aligned: offset 0x1
# t=       475 [TB_WRITE]: addr=00000005 data=44444444
# t=       875 [TB_READ]: addr=00000005 rdata=00000000
# ------------------------------------------------
# t=       875 PASS: rdata = 00000000 at addr 00000005 is correct
# ------------------------------------------------
# t=      1075 [TB_READ]: addr=00000004 rdata=33333333
# ------------------------------------------------
# t=      1075 PASS: rdata = 33333333 at addr 00000004 is correct
# ------------------------------------------------
# un-aligned: offset 0x2
# t=      1075 [TB_WRITE]: addr=00000006 data=44444444
# t=      1475 [TB_READ]: addr=00000006 rdata=00000000
# ------------------------------------------------
# t=      1475 PASS: rdata = 00000000 at addr 00000006 is correct
# ------------------------------------------------
# t=      1675 [TB_READ]: addr=00000004 rdata=33333333
# ------------------------------------------------
# t=      1675 PASS: rdata = 33333333 at addr 00000004 is correct
# ------------------------------------------------
# un-aligned: offset 0x3
# t=      1675 [TB_WRITE]: addr=00000006 data=44444444
# t=      2075 [TB_READ]: addr=00000007 rdata=00000000
# ------------------------------------------------
# t=      2075 PASS: rdata = 00000000 at addr 00000007 is correct
# ------------------------------------------------
# t=      2275 [TB_READ]: addr=00000004 rdata=33333333
# ------------------------------------------------
# t=      2275 PASS: rdata = 33333333 at addr 00000004 is correct
# ------------------------------------------------
# Test_result PASSED
# ** Note: $finish    : ../tb/test_bench.v(94)
#    Time: 2375 ns  Iteration: 0  Instance: /test_bench
# Saving coverage database on exit...
# End time: 22:30:06 on Jan 04,2025, Elapsed time: 0:00:01
# Errors: 0, Warnings: 0
