# vsim -coverage -l apb_protocol_chk.log -c test_bench -voptargs="+cover=bcesft" -assertdebug -do "coverage save -onexit apb_protocol_chk.ucdb; log -r /*;run -all" 
# Start time: 05:11:48 on Jan 03,2025
# ** Note: (vsim-3813) Design is being optimized due to module recompilation...
# //  Questa Intel Starter FPGA Edition-64
# //  Version 2023.3 linux_x86_64 Jul 17 2023
# //
# //  Copyright 1991-2023 Mentor Graphics Corporation
# //  All Rights Reserved.
# //
# //  QuestaSim and its associated documentation contain trade
# //  secrets and commercial or financial information that are the property of
# //  Mentor Graphics Corporation and are privileged, confidential,
# //  and exempt from disclosure under the Freedom of Information Act,
# //  5 U.S.C. Section 552. Furthermore, this information
# //  is prohibited from disclosure under the Trade Secrets Act,
# //  18 U.S.C. Section 1905.
# //
# Loading work.test_bench(fast)
# coverage save -onexit apb_protocol_chk.ucdb
#  log -r /*
# run -all
# =====================================
# === Test Case: APB Protocol Test ====
# =====================================
# t=       100 [TB_WRITE]: addr=00000004 data=33333333
# t=       475 [TB_READ]: addr=00000004 rdata=33333333
# ------------------------------------------------
# t=       475 PASS: rdata = 33333333 at addr 00000004 is correct
# ------------------------------------------------
# penable does not assert
# t=       475 [TB_WRITE]: addr=00000004 data=55555555
# t=       825 [TB_READ]: addr=00000004 rdata=33333333
# ------------------------------------------------
# t=       825 PASS: rdata = 33333333 at addr 00000004 is correct
# ------------------------------------------------
# t=       975 [TB_READ]: addr=00000004 rdata=00000000
# ------------------------------------------------
# t=       975 PASS: rdata = 00000000 at addr 00000004 is correct
# ------------------------------------------------
# psel does not assert
# t=       975 [TB_WRITE]: addr=00000004 data=77777777
# t=      1325 [TB_READ]: addr=00000004 rdata=33333333
# ------------------------------------------------
# t=      1325 PASS: rdata = 33333333 at addr 00000004 is correct
# ------------------------------------------------
# t=      1475 [TB_READ]: addr=00000004 rdata=00000000
# ------------------------------------------------
# t=      1475 PASS: rdata = 00000000 at addr 00000004 is correct
# ------------------------------------------------
# t=      1475 [TB_WRITE]: addr=00000004 data=99999999
# t=      1875 [TB_READ]: addr=00000004 rdata=99999999
# ------------------------------------------------
# t=      1875 PASS: rdata = 99999999 at addr 00000004 is correct
# ------------------------------------------------
# Test_result PASSED
# ** Note: $finish    : ../tb/test_bench.v(94)
#    Time: 1975 ns  Iteration: 0  Instance: /test_bench
# Saving coverage database on exit...
# End time: 05:11:49 on Jan 03,2025, Elapsed time: 0:00:01
# Errors: 0, Warnings: 0
