# vsim -debugDB -l apb_chk.log -voptargs="+acc" -assertdebug -c test_bench -do "log -r /*;run -all;" 
# Start time: 00:31:38 on Jul 24,2024
# ** Note: (vsim-3812) Design is being optimized...
# ** Note: (vsim-8611) Generating debug db.
# //  Questa Intel Starter FPGA Edition-64
# //  Version 2021.2 linux_x86_64 Apr 14 2021
# //
# //  Copyright 1991-2021 Mentor Graphics Corporation
# //  All Rights Reserved.
# //
# //  QuestaSim and its associated documentation contain trade
# //  secrets and commercial or financial information that are the property of
# //  Mentor Graphics Corporation and are privileged, confidential,
# //  and exempt from disclosure under the Freedom of Information Act,
# //  5 U.S.C. Section 552. Furthermore, this information
# //  is prohibited from disclosure under the Trade Secrets Act,
# //  18 U.S.C. Section 1905.
# //
# Loading work.test_bench(fast)
# Loading work.timer_top(fast)
# Loading work.apbif(fast)
# Loading work.regset(fast)
# Loading work.counter(fast)
# Loading work.cnt_ctrl(fast)
# Loading work.mod_golden_cnt(fast)
# ** Note: (vsim-8900) Creating design debug database vsim.dbg.
# log -r /*
# run -all
# =====================================
# === Test Case: APB Protocol Test ====
# =====================================
# t=       100 [TB_WRITE]: addr=00000004 data=33333333
# t=       375 [TB_READ]: addr=00000004 rdata=33333333
# ------------------------------------------------
# t=       375 PASS: rdata = 33333333 at addr 00000004 is correct
# ------------------------------------------------
# penable does not assert
# t=       375 [TB_WRITE]: addr=00000004 data=55555555
# t=       675 [TB_READ]: addr=00000004 rdata=33333333
# ------------------------------------------------
# t=       675 PASS: rdata = 33333333 at addr 00000004 is correct
# ------------------------------------------------
# t=       825 [TB_READ]: addr=00000004 rdata=00000000
# ------------------------------------------------
# t=       825 PASS: rdata = 00000000 at addr 00000004 is correct
# ------------------------------------------------
# psel does not assert
# t=       825 [TB_WRITE]: addr=00000004 data=77777777
# t=      1125 [TB_READ]: addr=00000004 rdata=33333333
# ------------------------------------------------
# t=      1125 PASS: rdata = 33333333 at addr 00000004 is correct
# ------------------------------------------------
# t=      1275 [TB_READ]: addr=00000004 rdata=00000000
# ------------------------------------------------
# t=      1275 PASS: rdata = 00000000 at addr 00000004 is correct
# ------------------------------------------------
# t=      1275 [TB_WRITE]: addr=00000004 data=99999999
# t=      1575 [TB_READ]: addr=00000004 rdata=99999999
# ------------------------------------------------
# t=      1575 PASS: rdata = 99999999 at addr 00000004 is correct
# ------------------------------------------------
# multiple APB access
# write TDR0 & write TDR1
# t=      1975 [TB_READ]: addr=00000004 rdata=11111111
# ------------------------------------------------
# t=      1975 PASS: rdata = 11111111 at addr 00000004 is correct
# ------------------------------------------------
# t=      2125 [TB_READ]: addr=00000008 rdata=22222222
# ------------------------------------------------
# t=      2125 PASS: rdata = 22222222 at addr 00000008 is correct
# ------------------------------------------------
# t=      2125 [TB_WRITE]: addr=00000004 data=33333333
# t=      2276 [TB_WRITE]: addr=00000008 data=44444444
# ------------------------------------------------
# t=      2527 FAIL: rdata at addr 00000004 is not correct
# Exp: 33333333 Actual:22222222
# ------------------------------------------------
# ------------------------------------------------
# t=      2727 FAIL: rdata at addr 00000008 is not correct
# Exp: 44444444 Actual:22222222
# ------------------------------------------------
# w-r(TDR0)-w-r(TDR1)
# ------------------------------------------------
# t=      3077 FAIL: rdata at addr 00000004 is not correct
# Exp: 55555555 Actual:22222222
# ------------------------------------------------
# ------------------------------------------------
# t=      3377 FAIL: rdata at addr 00000008 is not correct
# Exp: 66666666 Actual:22222222
# ------------------------------------------------
# Test_result FAILED
# ** Note: $finish    : ../tb/test_bench.v(84)
#    Time: 3626 ns  Iteration: 0  Instance: /test_bench
# End time: 00:31:38 on Jul 24,2024, Elapsed time: 0:00:00
# Errors: 0, Warnings: 0
