# vsim -coverage -l reg_init_chk.log -c test_bench -voptargs="+cover=bcesft" -assertdebug -do "coverage save -onexit reg_init_chk.ucdb; log -r /*;run -all" 
# Start time: 05:11:46 on Jan 03,2025
# ** Note: (vsim-3812) Design is being optimized...
# //  Questa Intel Starter FPGA Edition-64
# //  Version 2023.3 linux_x86_64 Jul 17 2023
# //
# //  Copyright 1991-2023 Mentor Graphics Corporation
# //  All Rights Reserved.
# //
# //  QuestaSim and its associated documentation contain trade
# //  secrets and commercial or financial information that are the property of
# //  Mentor Graphics Corporation and are privileged, confidential,
# //  and exempt from disclosure under the Freedom of Information Act,
# //  5 U.S.C. Section 552. Furthermore, this information
# //  is prohibited from disclosure under the Trade Secrets Act,
# //  18 U.S.C. Section 1905.
# //
# Loading work.test_bench(fast)
# coverage save -onexit reg_init_chk.ucdb
#  log -r /*
# run -all
# ====================================
# ==== Pat name: check reset value ===
# ====================================
# t=       275 [TB_READ]: addr=00000000 rdata=00000100
# ------------------------------------------------
# t=       275 PASS: rdata = 00000100 at addr 00000000 is correct
# ------------------------------------------------
# t=       475 [TB_READ]: addr=00000004 rdata=00000000
# ------------------------------------------------
# t=       475 PASS: rdata = 00000000 at addr 00000004 is correct
# ------------------------------------------------
# t=       675 [TB_READ]: addr=00000008 rdata=00000000
# ------------------------------------------------
# t=       675 PASS: rdata = 00000000 at addr 00000008 is correct
# ------------------------------------------------
# t=       875 [TB_READ]: addr=0000000c rdata=ffffffff
# ------------------------------------------------
# t=       875 PASS: rdata = ffffffff at addr 0000000c is correct
# ------------------------------------------------
# t=      1075 [TB_READ]: addr=00000010 rdata=ffffffff
# ------------------------------------------------
# t=      1075 PASS: rdata = ffffffff at addr 00000010 is correct
# ------------------------------------------------
# t=      1275 [TB_READ]: addr=00000014 rdata=00000000
# ------------------------------------------------
# t=      1275 PASS: rdata = 00000000 at addr 00000014 is correct
# ------------------------------------------------
# t=      1475 [TB_READ]: addr=00000018 rdata=00000000
# ------------------------------------------------
# t=      1475 PASS: rdata = 00000000 at addr 00000018 is correct
# ------------------------------------------------
# t=      1675 [TB_READ]: addr=0000001c rdata=00000000
# ------------------------------------------------
# t=      1675 PASS: rdata = 00000000 at addr 0000001c is correct
# ------------------------------------------------
# Test_result PASSED
# ** Note: $finish    : ../tb/test_bench.v(94)
#    Time: 1775 ns  Iteration: 0  Instance: /test_bench
# Saving coverage database on exit...
# End time: 05:11:47 on Jan 03,2025, Elapsed time: 0:00:01
# Errors: 0, Warnings: 0
