# vsim -coverage -l apb_multiple_access.log -c test_bench -voptargs="+cover=bcesft" -assertdebug -do "coverage save -onexit apb_multiple_access.ucdb; log -r /*;run -all" 
# Start time: 05:36:46 on Jan 03,2025
# ** Note: (vsim-3813) Design is being optimized due to module recompilation...
# //  Questa Intel Starter FPGA Edition-64
# //  Version 2023.3 linux_x86_64 Jul 17 2023
# //
# //  Copyright 1991-2023 Mentor Graphics Corporation
# //  All Rights Reserved.
# //
# //  QuestaSim and its associated documentation contain trade
# //  secrets and commercial or financial information that are the property of
# //  Mentor Graphics Corporation and are privileged, confidential,
# //  and exempt from disclosure under the Freedom of Information Act,
# //  5 U.S.C. Section 552. Furthermore, this information
# //  is prohibited from disclosure under the Trade Secrets Act,
# //  18 U.S.C. Section 1905.
# //
# Loading work.test_bench(fast)
# coverage save -onexit apb_multiple_access.ucdb
#  log -r /*
# run -all
# =========================================
# === Test Case: APB Multi-access Test ====
# =========================================
# multiple APB access
# write TDR0 & write TDR1
# normal read
# t=       475 [TB_READ]: addr=00000004 rdata=11111111
# ------------------------------------------------
# t=       475 PASS: rdata = 11111111 at addr 00000004 is correct
# ------------------------------------------------
# t=       625 [TB_READ]: addr=00000008 rdata=22222222
# ------------------------------------------------
# t=       625 PASS: rdata = 22222222 at addr 00000008 is correct
# ------------------------------------------------
# normal write
# t=       625 [TB_WRITE]: addr=00000004 data=33333333
# t=       776 [TB_WRITE]: addr=00000008 data=44444444
# multiple read
# ------------------------------------------------
# t=      1027 PASS: rdata = 33333333 at addr 00000004 is correct
# ------------------------------------------------
# ------------------------------------------------
# t=      1127 PASS: rdata = 44444444 at addr 00000008 is correct
# ------------------------------------------------
# w-r(TDR0)-w-r(TDR1)
# ------------------------------------------------
# t=      1377 PASS: rdata = 55555555 at addr 00000004 is correct
# ------------------------------------------------
# ------------------------------------------------
# t=      1577 PASS: rdata = 66666666 at addr 00000008 is correct
# ------------------------------------------------
# Test_result PASSED
# ** Note: $finish    : ../tb/test_bench.v(84)
#    Time: 1726 ns  Iteration: 0  Instance: /test_bench
# Saving coverage database on exit...
# End time: 05:36:47 on Jan 03,2025, Elapsed time: 0:00:01
# Errors: 0, Warnings: 0
