# vsim -debugDB -l apb_unaligned_chk.log -voptargs="+access" -assertdebug -c test_bench -do "log -r /*;run -all;" 
# Start time: 22:04:45 on Jul 31,2024
# ** Note: (vsim-3813) Design is being optimized due to module recompilation...
# ** Note: (vsim-8611) Generating debug db.
# ** Warning: (vopt-4308) Enabling visibility using +acc is recommended with debug flow.
# ** Note: (vsim-12126) Error and warning message counts have been restored: Errors=0, Warnings=1.
# //  Questa Intel Starter FPGA Edition-64
# //  Version 2023.3 linux_x86_64 Jul 17 2023
# //
# //  Copyright 1991-2023 Mentor Graphics Corporation
# //  All Rights Reserved.
# //
# //  QuestaSim and its associated documentation contain trade
# //  secrets and commercial or financial information that are the property of
# //  Mentor Graphics Corporation and are privileged, confidential,
# //  and exempt from disclosure under the Freedom of Information Act,
# //  5 U.S.C. Section 552. Furthermore, this information
# //  is prohibited from disclosure under the Trade Secrets Act,
# //  18 U.S.C. Section 1905.
# //
# Loading work.test_bench(fast)
# Loading work.timer_top(fast)
# Loading work.apbif(fast)
# Loading work.regset(fast)
# Loading work.counter(fast)
# Loading work.cnt_ctrl(fast)
# Loading work.mod_golden_cnt(fast)
# ** Note: (vsim-8900) Creating design debug database vsim.dbg.
# log -r /*
# run -all
# =====================================
# === Test Case: APB Un-aligned Test===
# =====================================
# t=       100 [TB_WRITE]: addr=00000004 data=33333333
# t=       375 [TB_READ]: addr=00000004 rdata=33333333
# ------------------------------------------------
# t=       375 PASS: rdata = 33333333 at addr 00000004 is correct
# ------------------------------------------------
# un-aligned: offset 0x1
# t=       375 [TB_WRITE]: addr=00000005 data=44444444
# t=       675 [TB_READ]: addr=00000005 rdata=00000000
# ------------------------------------------------
# t=       675 PASS: rdata = 00000000 at addr 00000005 is correct
# ------------------------------------------------
# t=       825 [TB_READ]: addr=00000004 rdata=33333333
# ------------------------------------------------
# t=       825 PASS: rdata = 33333333 at addr 00000004 is correct
# ------------------------------------------------
# un-aligned: offset 0x2
# t=       825 [TB_WRITE]: addr=00000006 data=44444444
# t=      1125 [TB_READ]: addr=00000006 rdata=00000000
# ------------------------------------------------
# t=      1125 PASS: rdata = 00000000 at addr 00000006 is correct
# ------------------------------------------------
# t=      1275 [TB_READ]: addr=00000004 rdata=33333333
# ------------------------------------------------
# t=      1275 PASS: rdata = 33333333 at addr 00000004 is correct
# ------------------------------------------------
# un-aligned: offset 0x3
# t=      1275 [TB_WRITE]: addr=00000006 data=44444444
# t=      1575 [TB_READ]: addr=00000007 rdata=00000000
# ------------------------------------------------
# t=      1575 PASS: rdata = 00000000 at addr 00000007 is correct
# ------------------------------------------------
# t=      1725 [TB_READ]: addr=00000004 rdata=33333333
# ------------------------------------------------
# t=      1725 PASS: rdata = 33333333 at addr 00000004 is correct
# ------------------------------------------------
# Test_result PASSED
# ** Note: $finish    : ../tb/test_bench.v(84)
#    Time: 1825 ns  Iteration: 0  Instance: /test_bench
# End time: 22:04:45 on Jul 31,2024, Elapsed time: 0:00:00
# Errors: 0, Warnings: 1
