|-----------------------------------------------------------------------------------------------|
| PAT_NAME                                | RUN_DATE                      | RESULT              |
|-----------------------------------------------------------------------------------------------|
| reg_init_chk                            | 22:33:29 Jan 04 2025          | PASSED              |
|-----------------------------------------------------------------------------------------------|
| apb_protocol_chk                        | 22:33:31 Jan 04 2025          | PASSED              |
|-----------------------------------------------------------------------------------------------|
| interrupt_chk                           | 22:33:33 Jan 04 2025          | PASSED              |
|-----------------------------------------------------------------------------------------------|
| reg_rw_chk                              | 22:33:34 Jan 04 2025          | PASSED              |
|-----------------------------------------------------------------------------------------------|
| cnt_counting_chk                        | 22:33:36 Jan 04 2025          | PASSED              |
|-----------------------------------------------------------------------------------------------|
| cnt_ctrl_chk                            | 22:33:53 Jan 04 2025          | PASSED              |
|-----------------------------------------------------------------------------------------------|
| reg_reserved_chk                        | 22:33:54 Jan 04 2025          | PASSED              |
|-----------------------------------------------------------------------------------------------|
| reg_1hot_chk                            | 22:33:56 Jan 04 2025          | PASSED              |
|-----------------------------------------------------------------------------------------------|
| apb_multiple_access                     | 22:33:58 Jan 04 2025          | PASSED              |
|-----------------------------------------------------------------------------------------------|
| apb_unaligned_chk                       | 22:33:59 Jan 04 2025          | PASSED              |
|-----------------------------------------------------------------------------------------------|
TOTAL/PASSED/REMAIN:10/10/0
