|-----------------------------------------------------------------------------------------------|
| PAT_NAME                                | RUN_DATE                      | RESULT              |
|-----------------------------------------------------------------------------------------------|
| reg_init_chk                            | 22:29:17 Jan 04 2025          | PASSED              |
|-----------------------------------------------------------------------------------------------|
| apb_protocol_chk                        | 22:29:19 Jan 04 2025          | PASSED              |
|-----------------------------------------------------------------------------------------------|
| interrupt_chk                           | 22:29:21 Jan 04 2025          | PASSED              |
|-----------------------------------------------------------------------------------------------|
| reg_rw_chk                              | 22:29:22 Jan 04 2025          | PASSED              |
|-----------------------------------------------------------------------------------------------|
| cnt_counting_chk                        | 22:29:24 Jan 04 2025          | PASSED              |
|-----------------------------------------------------------------------------------------------|
| cnt_ctrl_chk                            | 22:29:43 Jan 04 2025          | PASSED              |
|-----------------------------------------------------------------------------------------------|
| cnt_halt_chk                            | 22:29:56 Jan 04 2025          | PASSED              |
|-----------------------------------------------------------------------------------------------|
| reg_byte_access                         | 22:29:58 Jan 04 2025          | PASSED              |
|-----------------------------------------------------------------------------------------------|
| reg_reserved_chk                        | 22:30:00 Jan 04 2025          | PASSED              |
|-----------------------------------------------------------------------------------------------|
| reg_1hot_chk                            | 22:30:01 Jan 04 2025          | PASSED              |
|-----------------------------------------------------------------------------------------------|
| apb_multiple_access                     | 22:30:03 Jan 04 2025          | PASSED              |
|-----------------------------------------------------------------------------------------------|
| apb_pslverr_chk                         | 22:30:04 Jan 04 2025          | PASSED              |
|-----------------------------------------------------------------------------------------------|
| apb_unaligned_chk                       | 22:30:06 Jan 04 2025          | PASSED              |
|-----------------------------------------------------------------------------------------------|
TOTAL/PASSED/REMAIN:13/13/0
