|-----------------------------------------------------------------------------------------------|
| PAT_NAME                                | RUN_DATE                      | RESULT              |
|-----------------------------------------------------------------------------------------------|
| reg_init_chk                            | 22:24:27 Jan 04 2025          | PASSED              |
|-----------------------------------------------------------------------------------------------|
| apb_protocol_chk                        | 22:24:29 Jan 04 2025          | PASSED              |
|-----------------------------------------------------------------------------------------------|
| interrupt_chk                           | 22:24:31 Jan 04 2025          | PASSED              |
|-----------------------------------------------------------------------------------------------|
| reg_rw_chk                              | 22:24:32 Jan 04 2025          | PASSED              |
|-----------------------------------------------------------------------------------------------|
| cnt_counting_chk                        | 22:24:34 Jan 04 2025          | PASSED              |
|-----------------------------------------------------------------------------------------------|
| cnt_ctrl_chk                            | 22:24:36 Jan 04 2025          | PASSED              |
|-----------------------------------------------------------------------------------------------|
| cnt_halt_chk                            | 22:24:37 Jan 04 2025          | PASSED              |
|-----------------------------------------------------------------------------------------------|
| reg_byte_access                         | 22:24:39 Jan 04 2025          | PASSED              |
|-----------------------------------------------------------------------------------------------|
| reg_reserved_chk                        | 22:24:41 Jan 04 2025          | PASSED              |
|-----------------------------------------------------------------------------------------------|
| reg_1hot_chk                            | 22:24:42 Jan 04 2025          | PASSED              |
|-----------------------------------------------------------------------------------------------|
| apb_multiple_access                     | 22:24:44 Jan 04 2025          | PASSED              |
|-----------------------------------------------------------------------------------------------|
| apb_pslverr_chk                         | 22:24:46 Jan 04 2025          | PASSED              |
|-----------------------------------------------------------------------------------------------|
| apb_unaligned_chk                       | 22:24:47 Jan 04 2025          | PASSED              |
|-----------------------------------------------------------------------------------------------|
TOTAL/PASSED/REMAIN:13/13/0
